<?xml version="1.0" encoding="UTF-8" ?>
<testsuite tests="2" failures="1" name="com.bs.jenkins.RegisterTest" time="0.165" errors="0" skipped="0">
  <properties>
[...]
</properties>
  <testcase classname="com.bs.jenkins.RegisterTest" name="f2" time="0.008"/>
  <testcase classname="com.bs.jenkins.RegisterTest" name="jenkins_register" time="0.157">
    <failure message="Session ID is null. Using WebDriver after calling quit()?
Build info: version: &apos;3.5.1&apos;, revision: &apos;9c21bb67ef&apos;, time: &apos;2017-08-17T15:26:08.955Z&apos;
System info: host: &apos;LAPTOP-D5U911R6&apos;, ip: &apos;192.168.246.2&apos;, os.name: &apos;Windows 10&apos;, os.arch: &apos;amd64&apos;, os.version: &apos;10.0&apos;, java.version: &apos;1.8.0_211&apos;
Driver info: driver.version: RemoteWebDriver" type="org.openqa.selenium.NoSuchSessionException">org.openqa.selenium.NoSuchSessionException: Session ID is null. Using WebDriver after calling quit()?
Build info: version: &apos;3.5.1&apos;, revision: &apos;9c21bb67ef&apos;, time: &apos;2017-08-17T15:26:08.955Z&apos;
System info: host: &apos;LAPTOP-D5U911R6&apos;, ip: &apos;192.168.246.2&apos;, os.name: &apos;Windows 10&apos;, os.arch: &apos;amd64&apos;, os.version: &apos;10.0&apos;, java.version: &apos;1.8.0_211&apos;
Driver info: driver.version: RemoteWebDriver
	at org.openqa.selenium.remote.HttpCommandExecutor.execute(HttpCommandExecutor.java:131)
	at org.openqa.selenium.remote.service.DriverCommandExecutor.execute(DriverCommandExecutor.java:82)
	at org.openqa.selenium.remote.RemoteWebDriver.execute(RemoteWebDriver.java:641)
	at org.openqa.selenium.remote.RemoteWebDriver.get(RemoteWebDriver.java:368)
	at com.bs.jenkins.RegisterTest.jenkins_register(RegisterTest.java:18)
</failure>
  </testcase>
</testsuite>