<?xml version="1.0" encoding="UTF-8"?>
<!-- Generated by org.testng.reporters.JUnitXMLReporter -->
<testsuite hostname="LAPTOP-D5U911R6" ignored="0" name="Default test" tests="3" failures="0" timestamp="22 四月 2020 09:45:01 GMT" time="9.518" errors="0">
  <testcase name="getLoinHome" time="3.318" classname="com.selenium.testCase.loginTest"/>
  <testcase name="testLogin" time="2.235" classname="com.selenium.testCase.loginTest"/>
  <testcase name="quitDriver" time="3.928" classname="com.selenium.testCase.loginTest"/>
</testsuite> <!-- Default test -->
